{"level":"info","message":"欢迎使用FT自动挖矿程序，祝你早日发财，别墅靠海！(^_^) ","timestamp":"2018-06-21T08:16:01.217Z"}
{"status":0,"data":[{"currency":"zil","available":"0.000000000000000000","frozen":"0.000000000000000000","balance":"0.000000000000000000"},{"currency":"omg","available":"0.000000000000000000","frozen":"0.000000000000000000","balance":"0.000000000000000000"},{"currency":"btc","available":"0.000000000000000000","frozen":"0.000000000000000000","balance":"0.000000000000000000"},{"currency":"icx","available":"0.000000000000000000","frozen":"0.000000000000000000","balance":"0.000000000000000000"},{"currency":"eth","available":"0.000000000000000000","frozen":"0.000000000000000000","balance":"0.000000000000000000"},{"currency":"btm","available":"0.000000000000000000","frozen":"0.000000000000000000","balance":"0.000000000000000000"},{"currency":"bch","available":"0.000000000000000000","frozen":"0.000000000000000000","balance":"0.000000000000000000"},{"currency":"ae","available":"0.000000000000000000","frozen":"0.000000000000000000","balance":"0.000000000000000000"},{"currency":"ltc","available":"0.000000000000000000","frozen":"0.000000000000000000","balance":"0.000000000000000000"},{"currency":"zrx","available":"0.000000000000000000","frozen":"0.000000000000000000","balance":"0.000000000000000000"},{"currency":"usdt","available":"0.000000000000000000","frozen":"0.000000000000000000","balance":"0.000000000000000000"},{"currency":"bnb","available":"0.000000000000000000","frozen":"0.000000000000000000","balance":"0.000000000000000000"},{"currency":"ft","available":"0.000000000000000000","frozen":"0.000000000000000000","balance":"0.000000000000000000"},{"currency":"zip","available":"0.000000000000000000","frozen":"0.000000000000000000","balance":"0.000000000000000000"},{"currency":"etc","available":"0.000000000000000000","frozen":"0.000000000000000000","balance":"0.000000000000000000"}],"level":"info","message":"当前账户资产:","timestamp":"2018-06-21T08:16:02.518Z"}
{"level":"info","message":"欢迎使用FT自动挖矿程序，祝你早日发财，别墅靠海！(^_^) ","timestamp":"2018-06-21T08:28:17.943Z"}
{"level":"info","message":"当前账户资产:","timestamp":"2018-06-21T08:28:18.797Z"}
{"level":"info","message":"欢迎使用FT自动挖矿程序，祝你早日发财，别墅靠海！(^_^) ","timestamp":"2018-06-21T08:47:19.155Z"}
{"level":"info","message":"欢迎使用FT自动挖矿程序，祝你早日发财，别墅靠海！(^_^) ","timestamp":"2018-06-21T08:49:00.362Z"}
{"level":"info","message":"欢迎使用FT自动挖矿程序，祝你早日发财，别墅靠海！(^_^) ","timestamp":"2018-06-21T08:50:22.252Z"}
{"level":"info","message":"欢迎使用FT自动挖矿程序，祝你早日发财，别墅靠海！(^_^) ","timestamp":"2018-06-21T08:51:22.294Z"}
{"level":"info","message":"欢迎使用FT自动挖矿程序，祝你早日发财，别墅靠海！(^_^) ","timestamp":"2018-06-21T08:54:18.133Z"}
{"message":"trad data:","stack":"TypeError: Cannot read property 'length' of undefined\n    at FCTrade.<anonymous> (/Users/linyong/xcode/kefu/exe/dist/FCTrade.js:183:50)\n    at step (/Users/linyong/xcode/kefu/exe/dist/FCTrade.js:32:23)\n    at Object.next (/Users/linyong/xcode/kefu/exe/dist/FCTrade.js:13:53)\n    at fulfilled (/Users/linyong/xcode/kefu/exe/dist/FCTrade.js:4:58)\n    at <anonymous>\n    at process._tickCallback (internal/process/next_tick.js:188:7)","level":"error","timestamp":"2018-06-21T08:54:29.128Z"}
{"level":"info","message":"欢迎使用FT自动挖矿程序，祝你早日发财，别墅靠海！(^_^) ","timestamp":"2018-06-21T08:54:45.478Z"}
{"message":"trad data:","stack":"TypeError: Cannot read property 'length' of undefined\n    at FCTrade.<anonymous> (/Users/linyong/xcode/kefu/exe/dist/FCTrade.js:183:50)\n    at step (/Users/linyong/xcode/kefu/exe/dist/FCTrade.js:32:23)\n    at Object.next (/Users/linyong/xcode/kefu/exe/dist/FCTrade.js:13:53)\n    at fulfilled (/Users/linyong/xcode/kefu/exe/dist/FCTrade.js:4:58)\n    at <anonymous>\n    at process._tickCallback (internal/process/next_tick.js:188:7)","level":"error","timestamp":"2018-06-21T08:54:58.838Z"}
{"level":"info","message":"欢迎使用FT自动挖矿程序，祝你早日发财，别墅靠海！(^_^) ","timestamp":"2018-06-21T08:57:08.184Z"}
{"level":"info","message":"欢迎使用FT自动挖矿程序，祝你早日发财，别墅靠海！(^_^) ","timestamp":"2018-06-21T08:57:56.095Z"}
{"level":"info","message":"欢迎使用FT自动挖矿程序，祝你早日发财，别墅靠海！(^_^) ","timestamp":"2018-06-21T08:59:32.670Z"}
{"level":"info","message":"欢迎使用FT自动挖矿程序，祝你早日发财，别墅靠海！(^_^) ","timestamp":"2018-06-21T08:59:48.222Z"}
{"level":"info","message":"欢迎使用FT自动挖矿程序，祝你早日发财，别墅靠海！(^_^) ","timestamp":"2018-06-21T09:04:35.754Z"}
{"level":"info","message":"欢迎使用FT自动挖矿程序，祝你早日发财，别墅靠海！(^_^) ","timestamp":"2018-06-21T09:05:02.058Z"}
{"level":"info","message":"欢迎使用FT自动挖矿程序，祝你早日发财，别墅靠海！(^_^) ","timestamp":"2018-06-21T09:25:37.834Z"}
{"message":"trad data:","stack":"Error: 使用账户数<useAccount>，值应该为数字1或2\n    at FCTrade.<anonymous> (/Users/linyong/xcode/kefu/exe/dist/FCTrade.js:78:31)\n    at step (/Users/linyong/xcode/kefu/exe/dist/FCTrade.js:32:23)\n    at Object.next (/Users/linyong/xcode/kefu/exe/dist/FCTrade.js:13:53)\n    at /Users/linyong/xcode/kefu/exe/dist/FCTrade.js:7:71\n    at new Promise (<anonymous>)\n    at __awaiter (/Users/linyong/xcode/kefu/exe/dist/FCTrade.js:3:12)\n    at FCTrade.initAccount (/Users/linyong/xcode/kefu/exe/dist/FCTrade.js:56:16)\n    at FCTrade.<anonymous> (/Users/linyong/xcode/kefu/exe/dist/FCTrade.js:208:51)\n    at step (/Users/linyong/xcode/kefu/exe/dist/FCTrade.js:32:23)\n    at Object.next (/Users/linyong/xcode/kefu/exe/dist/FCTrade.js:13:53)","level":"error","timestamp":"2018-06-21T09:25:37.837Z"}
{"level":"info","message":"欢迎使用FT自动挖矿程序，祝你早日发财，别墅靠海！(^_^) ","timestamp":"2018-06-21T09:26:58.730Z"}
{"level":"info","message":"欢迎使用FT自动挖矿程序，祝你早日发财，别墅靠海！(^_^) ","timestamp":"2018-06-21T09:28:07.219Z"}
